<?xml version="1.0" encoding="UTF-8"?>
<!-- Generated by org.testng.reporters.JUnitXMLReporter -->
<testsuite hostname="DESKTOP-VUO77K6" failures="0" tests="4" name="Test" time="74.807" errors="0" timestamp="21 Feb 2023 11:33:48 GMT">
  <testcase classname="testscripts.ThirdTest" name="@BeforeMethod methodConfiguration" time="0.0">
    <failure type="org.openqa.selenium.NoSuchWindowException" message="no such window: target window already closed
from unknown error: web view not found
  (Session info: chrome=110.0.5481.104)
Build info: version: &amp;apos;4.7.0&amp;apos;, revision: &amp;apos;0a5b49d16f&amp;apos;
System info: os.name: &amp;apos;Windows 10&amp;apos;, os.arch: &amp;apos;amd64&amp;apos;, os.version: &amp;apos;10.0&amp;apos;, java.version: &amp;apos;17.0.6&amp;apos;
Driver info: org.openqa.selenium.chrome.ChromeDriver
Command: [e5ce9aa4927140abd049da747bef0238, findElement {using=xpath, value=//img[@alt=&amp;apos;SkillRary&amp;apos;]}]
Capabilities {acceptInsecureCerts: false, browserName: chrome, browserVersion: 110.0.5481.104, chrome: {chromedriverVersion: 110.0.5481.77 (65ed616c6e8e..., userDataDir: C:\Users\Mr\AppData\Local\T...}, goog:chromeOptions: {debuggerAddress: localhost:62859}, networkConnectionEnabled: false, pageLoadStrategy: normal, platformName: WINDOWS, proxy: Proxy(), se:cdp: ws://localhost:62859/devtoo..., se:cdpVersion: 110.0.5481.104, setWindowRect: true, strictFileInteractability: false, timeouts: {implicit: 0, pageLoad: 300000, script: 30000}, unhandledPromptBehavior: dismiss and notify, webauthn:extension:credBlob: true, webauthn:extension:largeBlob: true, webauthn:virtualAuthenticators: true}
Session ID: e5ce9aa4927140abd049da747bef0238">
      <![CDATA[org.openqa.selenium.NoSuchWindowException: no such window: target window already closed
from unknown error: web view not found
  (Session info: chrome=110.0.5481.104)
Build info: version: '4.7.0', revision: '0a5b49d16f'
System info: os.name: 'Windows 10', os.arch: 'amd64', os.version: '10.0', java.version: '17.0.6'
Driver info: org.openqa.selenium.chrome.ChromeDriver
Command: [e5ce9aa4927140abd049da747bef0238, findElement {using=xpath, value=//img[@alt='SkillRary']}]
Capabilities {acceptInsecureCerts: false, browserName: chrome, browserVersion: 110.0.5481.104, chrome: {chromedriverVersion: 110.0.5481.77 (65ed616c6e8e..., userDataDir: C:\Users\Mr\AppData\Local\T...}, goog:chromeOptions: {debuggerAddress: localhost:62859}, networkConnectionEnabled: false, pageLoadStrategy: normal, platformName: WINDOWS, proxy: Proxy(), se:cdp: ws://localhost:62859/devtoo..., se:cdpVersion: 110.0.5481.104, setWindowRect: true, strictFileInteractability: false, timeouts: {implicit: 0, pageLoad: 300000, script: 30000}, unhandledPromptBehavior: dismiss and notify, webauthn:extension:credBlob: true, webauthn:extension:largeBlob: true, webauthn:virtualAuthenticators: true}
Session ID: e5ce9aa4927140abd049da747bef0238
	at org.openqa.selenium.remote.codec.w3c.W3CHttpResponseCodec.createException(W3CHttpResponseCodec.java:200)
	at org.openqa.selenium.remote.codec.w3c.W3CHttpResponseCodec.decode(W3CHttpResponseCodec.java:133)
	at org.openqa.selenium.remote.codec.w3c.W3CHttpResponseCodec.decode(W3CHttpResponseCodec.java:53)
	at org.openqa.selenium.remote.HttpCommandExecutor.execute(HttpCommandExecutor.java:184)
	at org.openqa.selenium.remote.service.DriverCommandExecutor.invokeExecute(DriverCommandExecutor.java:167)
	at org.openqa.selenium.remote.service.DriverCommandExecutor.execute(DriverCommandExecutor.java:142)
	at org.openqa.selenium.remote.RemoteWebDriver.execute(RemoteWebDriver.java:541)
	at org.openqa.selenium.remote.ElementLocation$ElementFinder$2.findElement(ElementLocation.java:162)
	at org.openqa.selenium.remote.ElementLocation.findElement(ElementLocation.java:60)
	at org.openqa.selenium.remote.RemoteWebDriver.findElement(RemoteWebDriver.java:365)
	at org.openqa.selenium.remote.RemoteWebDriver.findElement(RemoteWebDriver.java:357)
	at org.openqa.selenium.support.pagefactory.DefaultElementLocator.findElement(DefaultElementLocator.java:70)
	at org.openqa.selenium.support.pagefactory.internal.LocatingElementHandler.invoke(LocatingElementHandler.java:39)
	at jdk.proxy2/jdk.proxy2.$Proxy17.isDisplayed(Unknown Source)
	at genericLibraries.BaseClass.methodConfiguration(BaseClass.java:53)
... Removed 31 stack frames]]>
    </failure>
  </testcase> <!-- @BeforeMethod methodConfiguration -->
  <testcase classname="testscripts.ThirdTest" name="@AfterMethod methodTearDown" time="0.0">
    <skipped/>
  </testcase> <!-- @AfterMethod methodTearDown -->
  <testcase classname="testscripts.ThirdTest" name="@AfterClass classTearDown" time="0.0">
    <skipped/>
  </testcase> <!-- @AfterClass classTearDown -->
  <testcase classname="testscripts.FirstTest" name="@BeforeClass classConfigaration" time="0.0">
    <skipped/>
  </testcase> <!-- @BeforeClass classConfigaration -->
  <testcase classname="testscripts.FirstTest" name="@BeforeMethod methodConfiguration" time="0.0">
    <skipped/>
  </testcase> <!-- @BeforeMethod methodConfiguration -->
  <testcase classname="testscripts.FirstTest" name="@AfterMethod methodTearDown" time="0.0">
    <skipped/>
  </testcase> <!-- @AfterMethod methodTearDown -->
  <testcase classname="testscripts.FirstTest" name="@AfterClass classTearDown" time="0.0">
    <skipped/>
  </testcase> <!-- @AfterClass classTearDown -->
  <testcase classname="testscripts.SecondTest" name="@BeforeClass classConfigaration" time="0.0">
    <skipped/>
  </testcase> <!-- @BeforeClass classConfigaration -->
  <testcase classname="testscripts.SecondTest" name="@BeforeMethod methodConfiguration" time="0.0">
    <skipped/>
  </testcase> <!-- @BeforeMethod methodConfiguration -->
  <testcase classname="testscripts.SecondTest" name="@AfterMethod methodTearDown" time="0.0">
    <skipped/>
  </testcase> <!-- @AfterMethod methodTearDown -->
  <testcase classname="testscripts.SecondTest" name="@AfterClass classTearDown" time="0.0">
    <skipped/>
  </testcase> <!-- @AfterClass classTearDown -->
  <testcase classname="testscripts.FourthTest" name="@BeforeClass classConfigaration" time="0.0">
    <skipped/>
  </testcase> <!-- @BeforeClass classConfigaration -->
  <testcase classname="testscripts.FourthTest" name="@BeforeMethod methodConfiguration" time="0.0">
    <skipped/>
  </testcase> <!-- @BeforeMethod methodConfiguration -->
  <testcase classname="testscripts.FourthTest" name="@AfterMethod methodTearDown" time="0.0">
    <skipped/>
  </testcase> <!-- @AfterMethod methodTearDown -->
  <testcase classname="testscripts.FourthTest" name="@AfterClass classTearDown" time="0.0">
    <skipped/>
  </testcase> <!-- @AfterClass classTearDown -->
  <testcase classname="testscripts.ThirdTest" name="thirdTest" time="0.002">
    <skipped/>
  </testcase> <!-- thirdTest -->
  <testcase classname="testscripts.FirstTest" name="firstTest" time="0.002">
    <skipped/>
  </testcase> <!-- firstTest -->
  <testcase classname="testscripts.SecondTest" name="secondTest" time="0.002">
    <skipped/>
  </testcase> <!-- secondTest -->
  <testcase classname="testscripts.FourthTest" name="fourthTest" time="0.003">
    <skipped/>
  </testcase> <!-- fourthTest -->
</testsuite> <!-- Test -->
